c:\users\jense\documents\github\bomberman_game\overlordproject\debug\overlordproject.pch
c:\users\jense\documents\github\bomberman_game\overlordproject\debug\vc142.pdb
c:\users\jense\documents\github\bomberman_game\overlordproject\debug\vc142.idb
c:\users\jense\documents\github\bomberman_game\overlordproject\debug\stdafx.obj
c:\users\jense\documents\github\bomberman_game\overlordproject\debug\spikeymaterial.obj
c:\users\jense\documents\github\bomberman_game\overlordproject\debug\skinneddiffusematerial.obj
c:\users\jense\documents\github\bomberman_game\overlordproject\debug\skinneddiffusematerial_shadow.obj
c:\users\jense\documents\github\bomberman_game\overlordproject\debug\diffusematerial_shadow.obj
c:\users\jense\documents\github\bomberman_game\overlordproject\debug\colormaterial.obj
c:\users\jense\documents\github\bomberman_game\overlordproject\debug\diffusematerial.obj
c:\users\jense\documents\github\bomberman_game\overlordproject\debug\levelborder.obj
c:\users\jense\documents\github\bomberman_game\overlordproject\debug\indestructablebox.obj
c:\users\jense\documents\github\bomberman_game\overlordproject\debug\destructablebox.obj
c:\users\jense\documents\github\bomberman_game\overlordproject\debug\grid.obj
c:\users\jense\documents\github\bomberman_game\overlordproject\debug\examcharacter.obj
c:\users\jense\documents\github\bomberman_game\overlordproject\debug\examscene.obj
c:\users\jense\documents\github\bomberman_game\overlordproject\debug\postgrayscale.obj
c:\users\jense\documents\github\bomberman_game\overlordproject\debug\postblur.obj
c:\users\jense\documents\github\bomberman_game\overlordproject\debug\keyboardcontrolscreen.obj
c:\users\jense\documents\github\bomberman_game\overlordproject\debug\creditsscene.obj
c:\users\jense\documents\github\bomberman_game\overlordproject\debug\explosionemitter.obj
c:\users\jense\documents\github\bomberman_game\overlordproject\debug\bomb.obj
c:\users\jense\documents\github\bomberman_game\overlordproject\debug\controlscreen.obj
c:\users\jense\documents\github\bomberman_game\overlordproject\debug\bombpowerup.obj
c:\users\jense\documents\github\bomberman_game\overlordproject\debug\titlescreen.obj
c:\users\jense\documents\github\bomberman_game\overlordproject\debug\maingame.obj
c:\users\jense\documents\github\bomberman_game\overlordproject\debug\main.obj
c:\users\jense\documents\github\bomberman_game\overlordproject\debug\rangepowerup.obj
c:\users\jense\documents\github\bomberman_game\overlordproject\debug\ubermaterial.obj
c:\users\jense\documents\github\bomberman_game\build\debug\overlordproject.ilk
c:\users\jense\documents\github\bomberman_game\build\debug\overlordproject.exe
c:\users\jense\documents\github\bomberman_game\build\debug\overlordproject.pdb
c:\users\jense\documents\github\bomberman_game\overlordproject\..\build\debug\overlordproject.exe
c:\users\jense\documents\github\bomberman_game\overlordproject\debug\overlordproject.tlog\cl.command.1.tlog
c:\users\jense\documents\github\bomberman_game\overlordproject\debug\overlordproject.tlog\cl.read.1.tlog
c:\users\jense\documents\github\bomberman_game\overlordproject\debug\overlordproject.tlog\cl.write.1.tlog
c:\users\jense\documents\github\bomberman_game\overlordproject\debug\overlordproject.tlog\link.command.1.tlog
c:\users\jense\documents\github\bomberman_game\overlordproject\debug\overlordproject.tlog\link.read.1.tlog
c:\users\jense\documents\github\bomberman_game\overlordproject\debug\overlordproject.tlog\link.write.1.tlog
