  stdafx.cpp
  BombPowerUp.cpp
  ControlScreen.cpp
  Bomb.cpp
  ExplosionEmitter.cpp
  CreditsScene.cpp
  KeyboardControlScreen.cpp
  PostBlur.cpp
  PostGrayscale.cpp
  ExamScene.cpp
  ExamCharacter.cpp
  Grid.cpp
  DestructableBox.cpp
  IndestructableBox.cpp
  LevelBorder.cpp
  DiffuseMaterial.cpp
  ColorMaterial.cpp
  DiffuseMaterial_Shadow.cpp
  SkinnedDiffuseMaterial_Shadow.cpp
  SkinnedDiffuseMaterial.cpp
  SpikeyMaterial.cpp
  Generating Code...
  Compiling...
  UberMaterial.cpp
  RangePowerUp.cpp
  Main.cpp
  MainGame.cpp
  TitleScreen.cpp
  Generating Code...
  OverlordProject.vcxproj -> C:\Users\jense\Documents\GitHub\Bomberman_Game\OverlordProject\..\Build\Debug\OverlordProject.exe
  0 File(s) copied
  0 File(s) copied
