c:\users\jense\documents\github\bomberman_game\overlordengine\debug\overlordengine.pch
c:\users\jense\documents\github\bomberman_game\overlordengine\debug\overlordengine.pdb
c:\users\jense\documents\github\bomberman_game\overlordengine\debug\overlordengine.idb
c:\users\jense\documents\github\bomberman_game\overlordengine\debug\stdafx.obj
c:\users\jense\documents\github\bomberman_game\overlordengine\debug\basecomponent.obj
c:\users\jense\documents\github\bomberman_game\overlordengine\debug\cameracomponent.obj
c:\users\jense\documents\github\bomberman_game\overlordengine\debug\collidercomponent.obj
c:\users\jense\documents\github\bomberman_game\overlordengine\debug\inputmanager.obj
c:\users\jense\documents\github\bomberman_game\overlordengine\debug\rigidbodycomponent.obj
c:\users\jense\documents\github\bomberman_game\overlordengine\debug\soundmanager.obj
c:\users\jense\documents\github\bomberman_game\overlordengine\debug\shadowmaprenderer.obj
c:\users\jense\documents\github\bomberman_game\overlordengine\debug\shadowmapmaterial.obj
c:\users\jense\documents\github\bomberman_game\overlordengine\debug\pxtrianglemeshloader.obj
c:\users\jense\documents\github\bomberman_game\overlordengine\debug\pxconvexmeshloader.obj
c:\users\jense\documents\github\bomberman_game\overlordengine\debug\postprocessingmaterial.obj
c:\users\jense\documents\github\bomberman_game\overlordengine\debug\particleemittercomponent.obj
c:\users\jense\documents\github\bomberman_game\overlordengine\debug\particle.obj
c:\users\jense\documents\github\bomberman_game\overlordengine\debug\modelcomponent.obj
c:\users\jense\documents\github\bomberman_game\overlordengine\debug\modelanimator.obj
c:\users\jense\documents\github\bomberman_game\overlordengine\debug\meshfilterloader.obj
c:\users\jense\documents\github\bomberman_game\overlordengine\debug\meshfilter.obj
c:\users\jense\documents\github\bomberman_game\overlordengine\debug\materialmanager.obj
c:\users\jense\documents\github\bomberman_game\overlordengine\debug\material.obj
c:\users\jense\documents\github\bomberman_game\overlordengine\debug\controllercomponent.obj
c:\users\jense\documents\github\bomberman_game\overlordengine\debug\physxmanager.obj
c:\users\jense\documents\github\bomberman_game\overlordengine\debug\physxerrorcallback.obj
c:\users\jense\documents\github\bomberman_game\overlordengine\debug\physxproxy.obj
c:\users\jense\documents\github\bomberman_game\overlordengine\debug\vertexhelper.obj
c:\users\jense\documents\github\bomberman_game\overlordengine\debug\texturedataloader.obj
c:\users\jense\documents\github\bomberman_game\overlordengine\debug\texturedata.obj
c:\users\jense\documents\github\bomberman_game\overlordengine\debug\textrenderer.obj
c:\users\jense\documents\github\bomberman_game\overlordengine\debug\spriterenderer.obj
c:\users\jense\documents\github\bomberman_game\overlordengine\debug\spritefontloader.obj
c:\users\jense\documents\github\bomberman_game\overlordengine\debug\spritefont.obj
c:\users\jense\documents\github\bomberman_game\overlordengine\debug\spritecomponent.obj
c:\users\jense\documents\github\bomberman_game\overlordengine\debug\physxhelper.obj
c:\users\jense\documents\github\bomberman_game\overlordengine\debug\binaryreader.obj
c:\users\jense\documents\github\bomberman_game\overlordengine\debug\effecthelper.obj
c:\users\jense\documents\github\bomberman_game\overlordengine\debug\debugrenderer.obj
c:\users\jense\documents\github\bomberman_game\overlordengine\debug\effectloader.obj
c:\users\jense\documents\github\bomberman_game\overlordengine\debug\contentmanager.obj
c:\users\jense\documents\github\bomberman_game\overlordengine\debug\meshindexeddrawcomponent.obj
c:\users\jense\documents\github\bomberman_game\overlordengine\debug\meshdrawcomponent.obj
c:\users\jense\documents\github\bomberman_game\overlordengine\debug\overlordgame.obj
c:\users\jense\documents\github\bomberman_game\overlordengine\debug\transformcomponent.obj
c:\users\jense\documents\github\bomberman_game\overlordengine\debug\scenemanager.obj
c:\users\jense\documents\github\bomberman_game\overlordengine\debug\rendertarget.obj
c:\users\jense\documents\github\bomberman_game\overlordengine\debug\gameobject.obj
c:\users\jense\documents\github\bomberman_game\overlordengine\debug\gamescene.obj
c:\users\jense\documents\github\bomberman_game\overlordengine\debug\torusprefab.obj
c:\users\jense\documents\github\bomberman_game\overlordengine\debug\sphereprefab.obj
c:\users\jense\documents\github\bomberman_game\overlordengine\debug\freecamera.obj
c:\users\jense\documents\github\bomberman_game\overlordengine\debug\fixedcamera.obj
c:\users\jense\documents\github\bomberman_game\overlordengine\debug\gamespecs.obj
c:\users\jense\documents\github\bomberman_game\overlordengine\debug\gametime.obj
c:\users\jense\documents\github\bomberman_game\overlordengine\debug\logger.obj
c:\users\jense\documents\github\bomberman_game\overlordengine\debug\cubeprefab.obj
c:\users\jense\documents\github\bomberman_game\overlordengine\debug\overlordengine.lib
c:\users\jense\documents\github\bomberman_game\overlordengine\debug\overlordengine.tlog\cl.command.1.tlog
c:\users\jense\documents\github\bomberman_game\overlordengine\debug\overlordengine.tlog\cl.read.1.tlog
c:\users\jense\documents\github\bomberman_game\overlordengine\debug\overlordengine.tlog\cl.write.1.tlog
c:\users\jense\documents\github\bomberman_game\overlordengine\debug\overlordengine.tlog\lib-link.read.1.tlog
c:\users\jense\documents\github\bomberman_game\overlordengine\debug\overlordengine.tlog\lib-link.write.1.tlog
c:\users\jense\documents\github\bomberman_game\overlordengine\debug\overlordengine.tlog\lib.command.1.tlog
